Open Interpreter will require approval before running code.                     

Use interpreter -y to bypass this.                                              

Press CTRL-C to exit.                                                           

                                                                                
  1 + 1 等于 2。                                                                
                                                                                Open Interpreter will require approval before running code.                     

Use interpreter -y to bypass this.                                              

Press CTRL-C to exit.                                                           

                                                                                
  1 + 1 等于 2。                                                                
                                                                                Open Interpreter will require approval before running code.                     

Use interpreter -y to bypass this.                                              

Press CTRL-C to exit.                                                           

                                                                                
  1 + 1 等于 2。                                                                
                                                                                Open Interpreter will require approval before running code.                     

Use interpreter -y to bypass this.                                              

Press CTRL-C to exit.                                                           

                                                                                
  你好！有什么可以帮您的吗？                                                    
                                                                                Open Interpreter will require approval before running code.                     

Use interpreter -y to bypass this.                                              

Press CTRL-C to exit.                                                           

                                                                                
  你好！有什么我可以帮助你的吗？                                                
                                                                                Open Interpreter will require approval before running code.                     

Use interpreter -y to bypass this.                                              

Press CTRL-C to exit.                                                           

                                                                                
  1+1等于2。                                                                    
                                                                                Open Interpreter will require approval before running code.                     

Use interpreter -y to bypass this.                                              

Press CTRL-C to exit.                                                           

                                                                                
  你好！有什么我可以帮助你的吗？                                                
                                                                                Open Interpreter will require approval before running code.                     

Use interpreter -y to bypass this.                                              

Press CTRL-C to exit.                                                           

                                                                                
  1 + 1 等于 2。                                                                
                                                                                Open Interpreter will require approval before running code.                     

Use interpreter -y to bypass this.                                              

Press CTRL-C to exit.                                                           

                                                                                
  你好！有什么我可以帮你的吗？                                                  
                                                                                